2022-10-07 17:36:41.729 simulation nextRound(): playing...
2022-10-07 17:36:41.756 computer askNextGuess(): le nombre donné est 4611686018427387903
2022-10-07 17:36:41.756 computer respond(): Nombre donné plus grand
2022-10-07 17:36:41.757 simulation nextRound(): playing...
2022-10-07 17:36:41.757 computer askNextGuess(): le nombre donné est 2305843009213693951
2022-10-07 17:36:41.757 computer respond(): Nombre donné plus grand
2022-10-07 17:36:41.757 simulation nextRound(): playing...
2022-10-07 17:36:41.758 computer askNextGuess(): le nombre donné est 1152921504606846975
2022-10-07 17:36:41.758 computer respond(): Nombre donné plus grand
2022-10-07 17:36:41.758 simulation nextRound(): playing...
2022-10-07 17:36:41.759 computer askNextGuess(): le nombre donné est 576460752303423487
2022-10-07 17:36:41.768 computer respond(): Nombre donné plus grand
2022-10-07 17:36:41.768 simulation nextRound(): playing...
2022-10-07 17:36:41.768 computer askNextGuess(): le nombre donné est 288230376151711743
2022-10-07 17:36:41.769 computer respond(): Nombre donné plus grand
2022-10-07 17:36:41.769 simulation nextRound(): playing...
2022-10-07 17:36:41.769 computer askNextGuess(): le nombre donné est 144115188075855871
2022-10-07 17:36:41.770 computer respond(): Nombre donné plus grand
2022-10-07 17:36:41.770 simulation nextRound(): playing...
2022-10-07 17:36:41.771 computer askNextGuess(): le nombre donné est 72057594037927935
2022-10-07 17:36:41.771 computer respond(): Nombre donné plus grand
2022-10-07 17:36:41.771 simulation nextRound(): playing...
2022-10-07 17:36:41.772 computer askNextGuess(): le nombre donné est 36028797018963967
2022-10-07 17:36:41.772 computer respond(): Nombre donné plus grand
2022-10-07 17:36:41.772 simulation nextRound(): playing...
2022-10-07 17:36:41.772 computer askNextGuess(): le nombre donné est 18014398509481983
2022-10-07 17:36:41.773 computer respond(): Nombre donné plus grand
2022-10-07 17:36:41.773 simulation nextRound(): playing...
2022-10-07 17:36:41.773 computer askNextGuess(): le nombre donné est 9007199254740991
2022-10-07 17:36:41.774 computer respond(): Nombre donné plus grand
2022-10-07 17:36:41.774 simulation nextRound(): playing...
2022-10-07 17:36:41.774 computer askNextGuess(): le nombre donné est 4503599627370495
2022-10-07 17:36:41.775 computer respond(): Nombre donné plus grand
2022-10-07 17:36:41.775 simulation nextRound(): playing...
2022-10-07 17:36:41.775 computer askNextGuess(): le nombre donné est 2251799813685247
2022-10-07 17:36:41.776 computer respond(): Nombre donné plus grand
2022-10-07 17:36:41.776 simulation nextRound(): playing...
2022-10-07 17:36:41.776 computer askNextGuess(): le nombre donné est 1125899906842623
2022-10-07 17:36:41.777 computer respond(): Nombre donné plus grand
2022-10-07 17:36:41.777 simulation nextRound(): playing...
2022-10-07 17:36:41.777 computer askNextGuess(): le nombre donné est 562949953421311
2022-10-07 17:36:41.778 computer respond(): Nombre donné plus grand
2022-10-07 17:36:41.778 simulation nextRound(): playing...
2022-10-07 17:36:41.778 computer askNextGuess(): le nombre donné est 281474976710655
2022-10-07 17:36:41.779 computer respond(): Nombre donné plus grand
2022-10-07 17:36:41.779 simulation nextRound(): playing...
2022-10-07 17:36:41.779 computer askNextGuess(): le nombre donné est 140737488355327
2022-10-07 17:36:41.780 computer respond(): Nombre donné plus grand
2022-10-07 17:36:41.780 simulation nextRound(): playing...
2022-10-07 17:36:41.780 computer askNextGuess(): le nombre donné est 70368744177663
2022-10-07 17:36:41.781 computer respond(): Nombre donné plus grand
2022-10-07 17:36:41.781 simulation nextRound(): playing...
2022-10-07 17:36:41.781 computer askNextGuess(): le nombre donné est 35184372088831
2022-10-07 17:36:41.781 computer respond(): Nombre donné plus grand
2022-10-07 17:36:41.782 simulation nextRound(): playing...
2022-10-07 17:36:41.782 computer askNextGuess(): le nombre donné est 17592186044415
2022-10-07 17:36:41.782 computer respond(): Nombre donné plus grand
2022-10-07 17:36:41.783 simulation nextRound(): playing...
2022-10-07 17:36:41.783 computer askNextGuess(): le nombre donné est 8796093022207
2022-10-07 17:36:41.783 computer respond(): Nombre donné plus grand
2022-10-07 17:36:41.783 simulation nextRound(): playing...
2022-10-07 17:36:41.784 computer askNextGuess(): le nombre donné est 4398046511103
2022-10-07 17:36:41.784 computer respond(): Nombre donné plus grand
2022-10-07 17:36:41.784 simulation nextRound(): playing...
2022-10-07 17:36:41.785 computer askNextGuess(): le nombre donné est 2199023255551
2022-10-07 17:36:41.785 computer respond(): Nombre donné plus grand
2022-10-07 17:36:41.785 simulation nextRound(): playing...
2022-10-07 17:36:41.786 computer askNextGuess(): le nombre donné est 1099511627775
2022-10-07 17:36:41.786 computer respond(): Nombre donné plus grand
2022-10-07 17:36:41.787 simulation nextRound(): playing...
2022-10-07 17:36:41.787 computer askNextGuess(): le nombre donné est 549755813887
2022-10-07 17:36:41.787 computer respond(): Nombre donné plus grand
2022-10-07 17:36:41.788 simulation nextRound(): playing...
2022-10-07 17:36:41.788 computer askNextGuess(): le nombre donné est 274877906943
2022-10-07 17:36:41.789 computer respond(): Nombre donné plus grand
2022-10-07 17:36:41.789 simulation nextRound(): playing...
2022-10-07 17:36:41.789 computer askNextGuess(): le nombre donné est 137438953471
2022-10-07 17:36:41.790 computer respond(): Nombre donné plus grand
2022-10-07 17:36:41.790 simulation nextRound(): playing...
2022-10-07 17:36:41.790 computer askNextGuess(): le nombre donné est 68719476735
2022-10-07 17:36:41.791 computer respond(): Nombre donné plus grand
2022-10-07 17:36:41.791 simulation nextRound(): playing...
2022-10-07 17:36:41.791 computer askNextGuess(): le nombre donné est 34359738367
2022-10-07 17:36:41.792 computer respond(): Nombre donné plus grand
2022-10-07 17:36:41.792 simulation nextRound(): playing...
2022-10-07 17:36:41.792 computer askNextGuess(): le nombre donné est 17179869183
2022-10-07 17:36:41.793 computer respond(): Nombre donné plus grand
2022-10-07 17:36:41.793 simulation nextRound(): playing...
2022-10-07 17:36:41.793 computer askNextGuess(): le nombre donné est 8589934591
2022-10-07 17:36:41.793 computer respond(): Nombre donné plus grand
2022-10-07 17:36:41.794 simulation nextRound(): playing...
2022-10-07 17:36:41.794 computer askNextGuess(): le nombre donné est 4294967295
2022-10-07 17:36:41.794 computer respond(): Nombre donné plus grand
2022-10-07 17:36:41.795 simulation nextRound(): playing...
2022-10-07 17:36:41.795 computer askNextGuess(): le nombre donné est 2147483647
2022-10-07 17:36:41.795 computer respond(): Nombre donné plus grand
2022-10-07 17:36:41.795 simulation nextRound(): playing...
2022-10-07 17:36:41.796 computer askNextGuess(): le nombre donné est 1073741823
2022-10-07 17:36:41.796 computer respond(): Nombre donné plus grand
2022-10-07 17:36:41.796 simulation nextRound(): playing...
2022-10-07 17:36:41.796 computer askNextGuess(): le nombre donné est 536870911
2022-10-07 17:36:41.797 computer respond(): Nombre donné plus grand
2022-10-07 17:36:41.797 simulation nextRound(): playing...
2022-10-07 17:36:41.797 computer askNextGuess(): le nombre donné est 268435455
2022-10-07 17:36:41.798 computer respond(): Nombre donné plus grand
2022-10-07 17:36:41.798 simulation nextRound(): playing...
2022-10-07 17:36:41.798 computer askNextGuess(): le nombre donné est 134217727
2022-10-07 17:36:41.798 computer respond(): Nombre donné plus grand
2022-10-07 17:36:41.799 simulation nextRound(): playing...
2022-10-07 17:36:41.799 computer askNextGuess(): le nombre donné est 67108863
2022-10-07 17:36:41.799 computer respond(): Nombre donné plus grand
2022-10-07 17:36:41.799 simulation nextRound(): playing...
2022-10-07 17:36:41.800 computer askNextGuess(): le nombre donné est 33554431
2022-10-07 17:36:41.800 computer respond(): Nombre donné plus grand
2022-10-07 17:36:41.800 simulation nextRound(): playing...
2022-10-07 17:36:41.800 computer askNextGuess(): le nombre donné est 16777215
2022-10-07 17:36:41.801 computer respond(): Nombre donné plus grand
2022-10-07 17:36:41.801 simulation nextRound(): playing...
2022-10-07 17:36:41.801 computer askNextGuess(): le nombre donné est 8388607
2022-10-07 17:36:41.801 computer respond(): Nombre donné plus grand
2022-10-07 17:36:41.802 simulation nextRound(): playing...
2022-10-07 17:36:41.802 computer askNextGuess(): le nombre donné est 4194303
2022-10-07 17:36:41.802 computer respond(): Nombre donné plus grand
2022-10-07 17:36:41.803 simulation nextRound(): playing...
2022-10-07 17:36:41.803 computer askNextGuess(): le nombre donné est 2097151
2022-10-07 17:36:41.803 computer respond(): Nombre donné plus grand
2022-10-07 17:36:41.803 simulation nextRound(): playing...
2022-10-07 17:36:41.804 computer askNextGuess(): le nombre donné est 1048575
2022-10-07 17:36:41.804 computer respond(): Nombre donné plus grand
2022-10-07 17:36:41.804 simulation nextRound(): playing...
2022-10-07 17:36:41.804 computer askNextGuess(): le nombre donné est 524287
2022-10-07 17:36:41.805 computer respond(): Nombre donné plus grand
2022-10-07 17:36:41.805 simulation nextRound(): playing...
2022-10-07 17:36:41.805 computer askNextGuess(): le nombre donné est 262143
2022-10-07 17:36:41.806 computer respond(): Nombre donné plus grand
2022-10-07 17:36:41.806 simulation nextRound(): playing...
2022-10-07 17:36:41.806 computer askNextGuess(): le nombre donné est 131071
2022-10-07 17:36:41.806 computer respond(): Nombre donné plus grand
2022-10-07 17:36:41.807 simulation nextRound(): playing...
2022-10-07 17:36:41.807 computer askNextGuess(): le nombre donné est 65535
2022-10-07 17:36:41.807 computer respond(): Nombre donné plus grand
2022-10-07 17:36:41.807 simulation nextRound(): playing...
2022-10-07 17:36:41.808 computer askNextGuess(): le nombre donné est 32767
2022-10-07 17:36:41.808 computer respond(): Nombre donné plus grand
2022-10-07 17:36:41.808 simulation nextRound(): playing...
2022-10-07 17:36:41.808 computer askNextGuess(): le nombre donné est 16383
2022-10-07 17:36:41.808 computer respond(): Nombre donné plus grand
2022-10-07 17:36:41.809 simulation nextRound(): playing...
2022-10-07 17:36:41.809 computer askNextGuess(): le nombre donné est 8191
2022-10-07 17:36:41.809 computer respond(): Nombre donné plus grand
2022-10-07 17:36:41.809 simulation nextRound(): playing...
2022-10-07 17:36:41.810 computer askNextGuess(): le nombre donné est 4095
2022-10-07 17:36:41.810 computer respond(): Nombre donné plus grand
2022-10-07 17:36:41.810 simulation nextRound(): playing...
2022-10-07 17:36:41.810 computer askNextGuess(): le nombre donné est 2047
2022-10-07 17:36:41.811 computer respond(): Nombre donné plus grand
2022-10-07 17:36:41.811 simulation nextRound(): playing...
2022-10-07 17:36:41.811 computer askNextGuess(): le nombre donné est 1023
2022-10-07 17:36:41.812 computer respond(): Nombre donné plus grand
2022-10-07 17:36:41.812 simulation nextRound(): playing...
2022-10-07 17:36:41.812 computer askNextGuess(): le nombre donné est 511
2022-10-07 17:36:41.812 computer respond(): Nombre donné plus grand
2022-10-07 17:36:41.813 simulation nextRound(): playing...
2022-10-07 17:36:41.813 computer askNextGuess(): le nombre donné est 255
2022-10-07 17:36:41.813 computer respond(): Nombre donné plus grand
2022-10-07 17:36:41.813 simulation nextRound(): playing...
2022-10-07 17:36:41.814 computer askNextGuess(): le nombre donné est 127
2022-10-07 17:36:41.814 computer respond(): Nombre donné plus grand
2022-10-07 17:36:41.814 simulation nextRound(): playing...
2022-10-07 17:36:41.814 computer askNextGuess(): le nombre donné est 63
2022-10-07 17:36:41.815 computer respond(): Nombre donné plus grand
2022-10-07 17:36:41.815 simulation nextRound(): playing...
2022-10-07 17:36:41.815 computer askNextGuess(): le nombre donné est 31
2022-10-07 17:36:41.815 computer respond(): Nombre donné plus petit
2022-10-07 17:36:41.816 simulation nextRound(): playing...
2022-10-07 17:36:41.816 computer askNextGuess(): le nombre donné est 47
2022-10-07 17:39:34.587 simulation nextRound(): playing...
2022-10-07 17:39:34.622 computer askNextGuess(): le nombre donné est 4611686018427387903
2022-10-07 17:39:34.623 computer respond(): Nombre donné plus grand
2022-10-07 17:39:34.623 simulation nextRound(): playing...
2022-10-07 17:39:34.623 computer askNextGuess(): le nombre donné est 2305843009213693951
2022-10-07 17:39:34.624 computer respond(): Nombre donné plus grand
2022-10-07 17:39:34.624 simulation nextRound(): playing...
2022-10-07 17:39:34.624 computer askNextGuess(): le nombre donné est 1152921504606846975
2022-10-07 17:39:34.625 computer respond(): Nombre donné plus grand
2022-10-07 17:39:34.625 simulation nextRound(): playing...
2022-10-07 17:39:34.625 computer askNextGuess(): le nombre donné est 576460752303423487
2022-10-07 17:39:34.626 computer respond(): Nombre donné plus grand
2022-10-07 17:39:34.626 simulation nextRound(): playing...
2022-10-07 17:39:34.627 computer askNextGuess(): le nombre donné est 288230376151711743
2022-10-07 17:39:34.627 computer respond(): Nombre donné plus grand
2022-10-07 17:39:34.627 simulation nextRound(): playing...
2022-10-07 17:39:34.628 computer askNextGuess(): le nombre donné est 144115188075855871
2022-10-07 17:39:34.628 computer respond(): Nombre donné plus grand
2022-10-07 17:39:34.628 simulation nextRound(): playing...
2022-10-07 17:39:34.629 computer askNextGuess(): le nombre donné est 72057594037927935
2022-10-07 17:39:34.629 computer respond(): Nombre donné plus grand
2022-10-07 17:39:34.629 simulation nextRound(): playing...
2022-10-07 17:39:34.630 computer askNextGuess(): le nombre donné est 36028797018963967
2022-10-07 17:39:34.630 computer respond(): Nombre donné plus grand
2022-10-07 17:39:34.630 simulation nextRound(): playing...
2022-10-07 17:39:34.630 computer askNextGuess(): le nombre donné est 18014398509481983
2022-10-07 17:39:34.631 computer respond(): Nombre donné plus grand
2022-10-07 17:39:34.631 simulation nextRound(): playing...
2022-10-07 17:39:34.631 computer askNextGuess(): le nombre donné est 9007199254740991
2022-10-07 17:39:34.632 computer respond(): Nombre donné plus grand
2022-10-07 17:39:34.632 simulation nextRound(): playing...
2022-10-07 17:39:34.632 computer askNextGuess(): le nombre donné est 4503599627370495
2022-10-07 17:39:34.633 computer respond(): Nombre donné plus grand
2022-10-07 17:39:34.633 simulation nextRound(): playing...
2022-10-07 17:39:34.633 computer askNextGuess(): le nombre donné est 2251799813685247
2022-10-07 17:39:34.634 computer respond(): Nombre donné plus grand
2022-10-07 17:39:34.634 simulation nextRound(): playing...
2022-10-07 17:39:34.635 computer askNextGuess(): le nombre donné est 1125899906842623
2022-10-07 17:39:34.635 computer respond(): Nombre donné plus grand
2022-10-07 17:39:34.635 simulation nextRound(): playing...
2022-10-07 17:39:34.636 computer askNextGuess(): le nombre donné est 562949953421311
2022-10-07 17:39:34.636 computer respond(): Nombre donné plus grand
2022-10-07 17:39:34.636 simulation nextRound(): playing...
2022-10-07 17:39:34.637 computer askNextGuess(): le nombre donné est 281474976710655
2022-10-07 17:39:34.637 computer respond(): Nombre donné plus grand
2022-10-07 17:39:34.637 simulation nextRound(): playing...
2022-10-07 17:39:34.638 computer askNextGuess(): le nombre donné est 140737488355327
2022-10-07 17:39:34.638 computer respond(): Nombre donné plus grand
2022-10-07 17:39:34.638 simulation nextRound(): playing...
2022-10-07 17:39:34.638 computer askNextGuess(): le nombre donné est 70368744177663
2022-10-07 17:39:34.639 computer respond(): Nombre donné plus grand
2022-10-07 17:39:34.639 simulation nextRound(): playing...
2022-10-07 17:39:34.639 computer askNextGuess(): le nombre donné est 35184372088831
2022-10-07 17:39:34.640 computer respond(): Nombre donné plus grand
2022-10-07 17:39:34.640 simulation nextRound(): playing...
2022-10-07 17:39:34.640 computer askNextGuess(): le nombre donné est 17592186044415
2022-10-07 17:39:34.640 computer respond(): Nombre donné plus grand
2022-10-07 17:39:34.641 simulation nextRound(): playing...
2022-10-07 17:39:34.641 computer askNextGuess(): le nombre donné est 8796093022207
2022-10-07 17:39:34.641 computer respond(): Nombre donné plus grand
2022-10-07 17:39:34.642 simulation nextRound(): playing...
2022-10-07 17:39:34.642 computer askNextGuess(): le nombre donné est 4398046511103
2022-10-07 17:39:34.642 computer respond(): Nombre donné plus grand
2022-10-07 17:39:34.643 simulation nextRound(): playing...
2022-10-07 17:39:34.643 computer askNextGuess(): le nombre donné est 2199023255551
2022-10-07 17:39:34.643 computer respond(): Nombre donné plus grand
2022-10-07 17:39:34.644 simulation nextRound(): playing...
2022-10-07 17:39:34.644 computer askNextGuess(): le nombre donné est 1099511627775
2022-10-07 17:39:34.644 computer respond(): Nombre donné plus grand
2022-10-07 17:39:34.644 simulation nextRound(): playing...
2022-10-07 17:39:34.645 computer askNextGuess(): le nombre donné est 549755813887
2022-10-07 17:39:34.645 computer respond(): Nombre donné plus grand
2022-10-07 17:39:34.645 simulation nextRound(): playing...
2022-10-07 17:39:34.646 computer askNextGuess(): le nombre donné est 274877906943
2022-10-07 17:39:34.646 computer respond(): Nombre donné plus grand
2022-10-07 17:39:34.646 simulation nextRound(): playing...
2022-10-07 17:39:34.646 computer askNextGuess(): le nombre donné est 137438953471
2022-10-07 17:39:34.647 computer respond(): Nombre donné plus grand
2022-10-07 17:39:34.647 simulation nextRound(): playing...
2022-10-07 17:39:34.647 computer askNextGuess(): le nombre donné est 68719476735
2022-10-07 17:39:34.648 computer respond(): Nombre donné plus grand
2022-10-07 17:39:34.648 simulation nextRound(): playing...
2022-10-07 17:39:34.648 computer askNextGuess(): le nombre donné est 34359738367
2022-10-07 17:39:34.649 computer respond(): Nombre donné plus grand
2022-10-07 17:39:34.649 simulation nextRound(): playing...
2022-10-07 17:39:34.649 computer askNextGuess(): le nombre donné est 17179869183
2022-10-07 17:39:34.649 computer respond(): Nombre donné plus grand
2022-10-07 17:39:34.650 simulation nextRound(): playing...
2022-10-07 17:39:34.650 computer askNextGuess(): le nombre donné est 8589934591
2022-10-07 17:39:34.650 computer respond(): Nombre donné plus grand
2022-10-07 17:39:34.651 simulation nextRound(): playing...
2022-10-07 17:39:34.651 computer askNextGuess(): le nombre donné est 4294967295
2022-10-07 17:39:34.651 computer respond(): Nombre donné plus grand
2022-10-07 17:39:34.651 simulation nextRound(): playing...
2022-10-07 17:39:34.652 computer askNextGuess(): le nombre donné est 2147483647
2022-10-07 17:39:34.652 computer respond(): Nombre donné plus grand
2022-10-07 17:39:34.652 simulation nextRound(): playing...
2022-10-07 17:39:34.653 computer askNextGuess(): le nombre donné est 1073741823
2022-10-07 17:39:34.653 computer respond(): Nombre donné plus grand
2022-10-07 17:39:34.653 simulation nextRound(): playing...
2022-10-07 17:39:34.654 computer askNextGuess(): le nombre donné est 536870911
2022-10-07 17:39:34.654 computer respond(): Nombre donné plus grand
2022-10-07 17:39:34.654 simulation nextRound(): playing...
2022-10-07 17:39:34.654 computer askNextGuess(): le nombre donné est 268435455
2022-10-07 17:39:34.655 computer respond(): Nombre donné plus grand
2022-10-07 17:39:34.655 simulation nextRound(): playing...
2022-10-07 17:39:34.655 computer askNextGuess(): le nombre donné est 134217727
2022-10-07 17:39:34.656 computer respond(): Nombre donné plus grand
2022-10-07 17:39:34.656 simulation nextRound(): playing...
2022-10-07 17:39:34.656 computer askNextGuess(): le nombre donné est 67108863
2022-10-07 17:39:34.656 computer respond(): Nombre donné plus grand
2022-10-07 17:39:34.657 simulation nextRound(): playing...
2022-10-07 17:39:34.657 computer askNextGuess(): le nombre donné est 33554431
2022-10-07 17:39:34.657 computer respond(): Nombre donné plus grand
2022-10-07 17:39:34.658 simulation nextRound(): playing...
2022-10-07 17:39:34.658 computer askNextGuess(): le nombre donné est 16777215
2022-10-07 17:39:34.658 computer respond(): Nombre donné plus grand
2022-10-07 17:39:34.659 simulation nextRound(): playing...
2022-10-07 17:39:34.659 computer askNextGuess(): le nombre donné est 8388607
2022-10-07 17:39:34.659 computer respond(): Nombre donné plus grand
2022-10-07 17:39:34.660 simulation nextRound(): playing...
2022-10-07 17:39:34.660 computer askNextGuess(): le nombre donné est 4194303
2022-10-07 17:39:34.660 computer respond(): Nombre donné plus grand
2022-10-07 17:39:34.660 simulation nextRound(): playing...
2022-10-07 17:39:34.661 computer askNextGuess(): le nombre donné est 2097151
2022-10-07 17:39:34.661 computer respond(): Nombre donné plus grand
2022-10-07 17:39:34.661 simulation nextRound(): playing...
2022-10-07 17:39:34.662 computer askNextGuess(): le nombre donné est 1048575
2022-10-07 17:39:34.662 computer respond(): Nombre donné plus grand
2022-10-07 17:39:34.662 simulation nextRound(): playing...
2022-10-07 17:39:34.663 computer askNextGuess(): le nombre donné est 524287
2022-10-07 17:39:34.663 computer respond(): Nombre donné plus grand
2022-10-07 17:39:34.663 simulation nextRound(): playing...
2022-10-07 17:39:34.664 computer askNextGuess(): le nombre donné est 262143
2022-10-07 17:39:34.664 computer respond(): Nombre donné plus grand
2022-10-07 17:39:34.664 simulation nextRound(): playing...
2022-10-07 17:39:34.664 computer askNextGuess(): le nombre donné est 131071
2022-10-07 17:39:34.665 computer respond(): Nombre donné plus grand
2022-10-07 17:39:34.665 simulation nextRound(): playing...
2022-10-07 17:39:34.665 computer askNextGuess(): le nombre donné est 65535
2022-10-07 17:39:34.666 computer respond(): Nombre donné plus grand
2022-10-07 17:39:34.666 simulation nextRound(): playing...
2022-10-07 17:39:34.666 computer askNextGuess(): le nombre donné est 32767
2022-10-07 17:39:34.667 computer respond(): Nombre donné plus grand
2022-10-07 17:39:34.667 simulation nextRound(): playing...
2022-10-07 17:39:34.667 computer askNextGuess(): le nombre donné est 16383
2022-10-07 17:39:34.667 computer respond(): Nombre donné plus grand
2022-10-07 17:39:34.668 simulation nextRound(): playing...
2022-10-07 17:39:34.668 computer askNextGuess(): le nombre donné est 8191
2022-10-07 17:39:34.668 computer respond(): Nombre donné plus grand
2022-10-07 17:39:34.669 simulation nextRound(): playing...
2022-10-07 17:39:34.669 computer askNextGuess(): le nombre donné est 4095
2022-10-07 17:39:34.670 computer respond(): Nombre donné plus grand
2022-10-07 17:39:34.670 simulation nextRound(): playing...
2022-10-07 17:39:34.671 computer askNextGuess(): le nombre donné est 2047
2022-10-07 17:39:34.671 computer respond(): Nombre donné plus grand
2022-10-07 17:39:34.671 simulation nextRound(): playing...
2022-10-07 17:39:34.672 computer askNextGuess(): le nombre donné est 1023
2022-10-07 17:39:34.672 computer respond(): Nombre donné plus grand
2022-10-07 17:39:34.673 simulation nextRound(): playing...
2022-10-07 17:39:34.673 computer askNextGuess(): le nombre donné est 511
2022-10-07 17:39:34.673 computer respond(): Nombre donné plus grand
2022-10-07 17:39:34.674 simulation nextRound(): playing...
2022-10-07 17:39:34.674 computer askNextGuess(): le nombre donné est 255
2022-10-07 17:39:34.674 computer respond(): Nombre donné plus grand
2022-10-07 17:39:34.674 simulation nextRound(): playing...
2022-10-07 17:39:34.675 computer askNextGuess(): le nombre donné est 127
2022-10-07 17:39:34.675 computer respond(): Nombre donné plus grand
2022-10-07 17:39:34.675 simulation nextRound(): playing...
2022-10-07 17:39:34.676 computer askNextGuess(): le nombre donné est 63
2022-10-07 17:39:34.676 computer respond(): Nombre donné plus grand
2022-10-07 17:39:34.676 simulation nextRound(): playing...
2022-10-07 17:39:34.677 computer askNextGuess(): le nombre donné est 31
2022-10-07 17:39:34.677 computer respond(): Nombre donné plus petit
2022-10-07 17:39:34.677 simulation nextRound(): playing...
2022-10-07 17:39:34.678 computer askNextGuess(): le nombre donné est 47
2022-10-08 13:47:07.655 simulation nextRound(): playing...
2022-10-08 13:47:07.694 computer askNextGuess(): le nombre donné est 4611686018427387903
2022-10-08 13:47:07.695 computer respond(): Nombre donné plus grand
2022-10-08 13:47:07.696 simulation nextRound(): playing...
2022-10-08 13:47:07.697 computer askNextGuess(): le nombre donné est 2305843009213693951
2022-10-08 13:47:07.698 computer respond(): Nombre donné plus grand
2022-10-08 13:47:07.698 simulation nextRound(): playing...
2022-10-08 13:47:07.699 computer askNextGuess(): le nombre donné est 1152921504606846975
2022-10-08 13:47:07.700 computer respond(): Nombre donné plus grand
2022-10-08 13:47:07.700 simulation nextRound(): playing...
2022-10-08 13:47:07.701 computer askNextGuess(): le nombre donné est 576460752303423487
2022-10-08 13:47:07.702 computer respond(): Nombre donné plus grand
2022-10-08 13:47:07.702 simulation nextRound(): playing...
2022-10-08 13:47:07.703 computer askNextGuess(): le nombre donné est 288230376151711743
2022-10-08 13:47:07.703 computer respond(): Nombre donné plus grand
2022-10-08 13:47:07.704 simulation nextRound(): playing...
2022-10-08 13:47:07.704 computer askNextGuess(): le nombre donné est 144115188075855871
2022-10-08 13:47:07.705 computer respond(): Nombre donné plus grand
2022-10-08 13:47:07.706 simulation nextRound(): playing...
2022-10-08 13:47:07.706 computer askNextGuess(): le nombre donné est 72057594037927935
2022-10-08 13:47:07.707 computer respond(): Nombre donné plus grand
2022-10-08 13:47:07.707 simulation nextRound(): playing...
2022-10-08 13:47:07.708 computer askNextGuess(): le nombre donné est 36028797018963967
2022-10-08 13:47:07.709 computer respond(): Nombre donné plus grand
2022-10-08 13:47:07.709 simulation nextRound(): playing...
2022-10-08 13:47:07.710 computer askNextGuess(): le nombre donné est 18014398509481983
2022-10-08 13:47:07.710 computer respond(): Nombre donné plus grand
2022-10-08 13:47:07.710 simulation nextRound(): playing...
2022-10-08 13:47:07.711 computer askNextGuess(): le nombre donné est 9007199254740991
2022-10-08 13:47:07.712 computer respond(): Nombre donné plus grand
2022-10-08 13:47:07.712 simulation nextRound(): playing...
2022-10-08 13:47:07.713 computer askNextGuess(): le nombre donné est 4503599627370495
2022-10-08 13:47:07.714 computer respond(): Nombre donné plus grand
2022-10-08 13:47:07.715 simulation nextRound(): playing...
2022-10-08 13:47:07.715 computer askNextGuess(): le nombre donné est 2251799813685247
2022-10-08 13:47:07.717 computer respond(): Nombre donné plus grand
2022-10-08 13:47:07.717 simulation nextRound(): playing...
2022-10-08 13:47:07.718 computer askNextGuess(): le nombre donné est 1125899906842623
2022-10-08 13:47:07.718 computer respond(): Nombre donné plus grand
2022-10-08 13:47:07.718 simulation nextRound(): playing...
2022-10-08 13:47:07.719 computer askNextGuess(): le nombre donné est 562949953421311
2022-10-08 13:47:07.719 computer respond(): Nombre donné plus grand
2022-10-08 13:47:07.720 simulation nextRound(): playing...
2022-10-08 13:47:07.720 computer askNextGuess(): le nombre donné est 281474976710655
2022-10-08 13:47:07.721 computer respond(): Nombre donné plus grand
2022-10-08 13:47:07.722 simulation nextRound(): playing...
2022-10-08 13:47:07.722 computer askNextGuess(): le nombre donné est 140737488355327
2022-10-08 13:47:07.723 computer respond(): Nombre donné plus grand
2022-10-08 13:47:07.723 simulation nextRound(): playing...
2022-10-08 13:47:07.723 computer askNextGuess(): le nombre donné est 70368744177663
2022-10-08 13:47:07.724 computer respond(): Nombre donné plus grand
2022-10-08 13:47:07.724 simulation nextRound(): playing...
2022-10-08 13:47:07.725 computer askNextGuess(): le nombre donné est 35184372088831
2022-10-08 13:47:07.725 computer respond(): Nombre donné plus grand
2022-10-08 13:47:07.725 simulation nextRound(): playing...
2022-10-08 13:47:07.726 computer askNextGuess(): le nombre donné est 17592186044415
2022-10-08 13:47:07.726 computer respond(): Nombre donné plus grand
2022-10-08 13:47:07.726 simulation nextRound(): playing...
2022-10-08 13:47:07.727 computer askNextGuess(): le nombre donné est 8796093022207
2022-10-08 13:47:07.727 computer respond(): Nombre donné plus grand
2022-10-08 13:47:07.728 simulation nextRound(): playing...
2022-10-08 13:47:07.728 computer askNextGuess(): le nombre donné est 4398046511103
2022-10-08 13:47:07.728 computer respond(): Nombre donné plus grand
2022-10-08 13:47:07.729 simulation nextRound(): playing...
2022-10-08 13:47:07.729 computer askNextGuess(): le nombre donné est 2199023255551
2022-10-08 13:47:07.729 computer respond(): Nombre donné plus grand
2022-10-08 13:47:07.730 simulation nextRound(): playing...
2022-10-08 13:47:07.730 computer askNextGuess(): le nombre donné est 1099511627775
2022-10-08 13:47:07.731 computer respond(): Nombre donné plus grand
2022-10-08 13:47:07.731 simulation nextRound(): playing...
2022-10-08 13:47:07.731 computer askNextGuess(): le nombre donné est 549755813887
2022-10-08 13:47:07.732 computer respond(): Nombre donné plus grand
2022-10-08 13:47:07.732 simulation nextRound(): playing...
2022-10-08 13:47:07.733 computer askNextGuess(): le nombre donné est 274877906943
2022-10-08 13:47:07.733 computer respond(): Nombre donné plus grand
2022-10-08 13:47:07.734 simulation nextRound(): playing...
2022-10-08 13:47:07.736 computer askNextGuess(): le nombre donné est 137438953471
2022-10-08 13:47:07.737 computer respond(): Nombre donné plus grand
2022-10-08 13:47:07.737 simulation nextRound(): playing...
2022-10-08 13:47:07.738 computer askNextGuess(): le nombre donné est 68719476735
2022-10-08 13:47:07.739 computer respond(): Nombre donné plus grand
2022-10-08 13:47:07.739 simulation nextRound(): playing...
2022-10-08 13:47:07.739 computer askNextGuess(): le nombre donné est 34359738367
2022-10-08 13:47:07.740 computer respond(): Nombre donné plus grand
2022-10-08 13:47:07.740 simulation nextRound(): playing...
2022-10-08 13:47:07.741 computer askNextGuess(): le nombre donné est 17179869183
2022-10-08 13:47:07.741 computer respond(): Nombre donné plus grand
2022-10-08 13:47:07.742 simulation nextRound(): playing...
2022-10-08 13:47:07.742 computer askNextGuess(): le nombre donné est 8589934591
2022-10-08 13:47:07.743 computer respond(): Nombre donné plus grand
2022-10-08 13:47:07.743 simulation nextRound(): playing...
2022-10-08 13:47:07.744 computer askNextGuess(): le nombre donné est 4294967295
2022-10-08 13:47:07.744 computer respond(): Nombre donné plus grand
2022-10-08 13:47:07.745 simulation nextRound(): playing...
2022-10-08 13:47:07.745 computer askNextGuess(): le nombre donné est 2147483647
2022-10-08 13:47:07.745 computer respond(): Nombre donné plus grand
2022-10-08 13:47:07.746 simulation nextRound(): playing...
2022-10-08 13:47:07.746 computer askNextGuess(): le nombre donné est 1073741823
2022-10-08 13:47:07.746 computer respond(): Nombre donné plus grand
2022-10-08 13:47:07.747 simulation nextRound(): playing...
2022-10-08 13:47:07.747 computer askNextGuess(): le nombre donné est 536870911
2022-10-08 13:47:07.748 computer respond(): Nombre donné plus grand
2022-10-08 13:47:07.748 simulation nextRound(): playing...
2022-10-08 13:47:07.748 computer askNextGuess(): le nombre donné est 268435455
2022-10-08 13:47:07.749 computer respond(): Nombre donné plus grand
2022-10-08 13:47:07.749 simulation nextRound(): playing...
2022-10-08 13:47:07.750 computer askNextGuess(): le nombre donné est 134217727
2022-10-08 13:47:07.750 computer respond(): Nombre donné plus grand
2022-10-08 13:47:07.751 simulation nextRound(): playing...
2022-10-08 13:47:07.751 computer askNextGuess(): le nombre donné est 67108863
2022-10-08 13:47:07.752 computer respond(): Nombre donné plus grand
2022-10-08 13:47:07.752 simulation nextRound(): playing...
2022-10-08 13:47:07.752 computer askNextGuess(): le nombre donné est 33554431
2022-10-08 13:47:07.753 computer respond(): Nombre donné plus grand
2022-10-08 13:47:07.753 simulation nextRound(): playing...
2022-10-08 13:47:07.753 computer askNextGuess(): le nombre donné est 16777215
2022-10-08 13:47:07.754 computer respond(): Nombre donné plus grand
2022-10-08 13:47:07.754 simulation nextRound(): playing...
2022-10-08 13:47:07.754 computer askNextGuess(): le nombre donné est 8388607
2022-10-08 13:47:07.755 computer respond(): Nombre donné plus grand
2022-10-08 13:47:07.755 simulation nextRound(): playing...
2022-10-08 13:47:07.756 computer askNextGuess(): le nombre donné est 4194303
2022-10-08 13:47:07.756 computer respond(): Nombre donné plus grand
2022-10-08 13:47:07.756 simulation nextRound(): playing...
2022-10-08 13:47:07.757 computer askNextGuess(): le nombre donné est 2097151
2022-10-08 13:47:07.757 computer respond(): Nombre donné plus grand
2022-10-08 13:47:07.757 simulation nextRound(): playing...
2022-10-08 13:47:07.758 computer askNextGuess(): le nombre donné est 1048575
2022-10-08 13:47:07.758 computer respond(): Nombre donné plus grand
2022-10-08 13:47:07.759 simulation nextRound(): playing...
2022-10-08 13:47:07.759 computer askNextGuess(): le nombre donné est 524287
2022-10-08 13:47:07.759 computer respond(): Nombre donné plus grand
2022-10-08 13:47:07.760 simulation nextRound(): playing...
2022-10-08 13:47:07.760 computer askNextGuess(): le nombre donné est 262143
2022-10-08 13:47:07.760 computer respond(): Nombre donné plus grand
2022-10-08 13:47:07.760 simulation nextRound(): playing...
2022-10-08 13:47:07.761 computer askNextGuess(): le nombre donné est 131071
2022-10-08 13:47:07.761 computer respond(): Nombre donné plus grand
2022-10-08 13:47:07.761 simulation nextRound(): playing...
2022-10-08 13:47:07.762 computer askNextGuess(): le nombre donné est 65535
2022-10-08 13:47:07.762 computer respond(): Nombre donné plus grand
2022-10-08 13:47:07.762 simulation nextRound(): playing...
2022-10-08 13:47:07.763 computer askNextGuess(): le nombre donné est 32767
2022-10-08 13:47:07.763 computer respond(): Nombre donné plus grand
2022-10-08 13:47:07.763 simulation nextRound(): playing...
2022-10-08 13:47:07.764 computer askNextGuess(): le nombre donné est 16383
2022-10-08 13:47:07.764 computer respond(): Nombre donné plus grand
2022-10-08 13:47:07.764 simulation nextRound(): playing...
2022-10-08 13:47:07.765 computer askNextGuess(): le nombre donné est 8191
2022-10-08 13:47:07.765 computer respond(): Nombre donné plus grand
2022-10-08 13:47:07.765 simulation nextRound(): playing...
2022-10-08 13:47:07.766 computer askNextGuess(): le nombre donné est 4095
2022-10-08 13:47:07.766 computer respond(): Nombre donné plus grand
2022-10-08 13:47:07.767 simulation nextRound(): playing...
2022-10-08 13:47:07.767 computer askNextGuess(): le nombre donné est 2047
2022-10-08 13:47:07.767 computer respond(): Nombre donné plus grand
2022-10-08 13:47:07.768 simulation nextRound(): playing...
2022-10-08 13:47:07.768 computer askNextGuess(): le nombre donné est 1023
2022-10-08 13:47:07.768 computer respond(): Nombre donné plus grand
2022-10-08 13:47:07.769 simulation nextRound(): playing...
2022-10-08 13:47:07.769 computer askNextGuess(): le nombre donné est 511
2022-10-08 13:47:07.769 computer respond(): Nombre donné plus grand
2022-10-08 13:47:07.770 simulation nextRound(): playing...
2022-10-08 13:47:07.770 computer askNextGuess(): le nombre donné est 255
2022-10-08 13:47:07.770 computer respond(): Nombre donné plus grand
2022-10-08 13:47:07.771 simulation nextRound(): playing...
2022-10-08 13:47:07.771 computer askNextGuess(): le nombre donné est 127
2022-10-08 13:47:07.771 computer respond(): Nombre donné plus grand
2022-10-08 13:47:07.772 simulation nextRound(): playing...
2022-10-08 13:47:07.772 computer askNextGuess(): le nombre donné est 63
2022-10-08 13:47:07.772 computer respond(): Nombre donné plus grand
2022-10-08 13:47:07.773 simulation nextRound(): playing...
2022-10-08 13:47:07.773 computer askNextGuess(): le nombre donné est 31
2022-10-08 13:47:07.774 computer respond(): Nombre donné plus petit
2022-10-08 13:47:07.774 simulation nextRound(): playing...
2022-10-08 13:47:07.775 computer askNextGuess(): le nombre donné est 47
2022-10-08 13:48:43.945 simulation nextRound(): playing...
2022-10-08 13:48:43.971 computer askNextGuess(): le nombre donné est 4611686018427387903
2022-10-08 13:48:43.972 computer respond(): Nombre donné plus grand
2022-10-08 13:48:43.972 simulation nextRound(): playing...
2022-10-08 13:48:43.973 computer askNextGuess(): le nombre donné est 2305843009213693951
2022-10-08 13:48:43.973 computer respond(): Nombre donné plus grand
2022-10-08 13:48:43.974 simulation nextRound(): playing...
2022-10-08 13:48:43.974 computer askNextGuess(): le nombre donné est 1152921504606846975
2022-10-08 13:48:43.975 computer respond(): Nombre donné plus grand
2022-10-08 13:48:43.975 simulation nextRound(): playing...
2022-10-08 13:48:43.976 computer askNextGuess(): le nombre donné est 576460752303423487
2022-10-08 13:48:43.976 computer respond(): Nombre donné plus grand
2022-10-08 13:48:43.976 simulation nextRound(): playing...
2022-10-08 13:48:43.977 computer askNextGuess(): le nombre donné est 288230376151711743
2022-10-08 13:48:43.977 computer respond(): Nombre donné plus grand
2022-10-08 13:48:43.978 simulation nextRound(): playing...
2022-10-08 13:48:43.978 computer askNextGuess(): le nombre donné est 144115188075855871
2022-10-08 13:48:43.979 computer respond(): Nombre donné plus grand
2022-10-08 13:48:43.979 simulation nextRound(): playing...
2022-10-08 13:48:43.979 computer askNextGuess(): le nombre donné est 72057594037927935
2022-10-08 13:48:43.980 computer respond(): Nombre donné plus grand
2022-10-08 13:48:43.980 simulation nextRound(): playing...
2022-10-08 13:48:43.981 computer askNextGuess(): le nombre donné est 36028797018963967
2022-10-08 13:48:43.981 computer respond(): Nombre donné plus grand
2022-10-08 13:48:43.982 simulation nextRound(): playing...
2022-10-08 13:48:43.982 computer askNextGuess(): le nombre donné est 18014398509481983
2022-10-08 13:48:43.982 computer respond(): Nombre donné plus grand
2022-10-08 13:48:43.983 simulation nextRound(): playing...
2022-10-08 13:48:43.983 computer askNextGuess(): le nombre donné est 9007199254740991
2022-10-08 13:48:43.984 computer respond(): Nombre donné plus grand
2022-10-08 13:48:43.984 simulation nextRound(): playing...
2022-10-08 13:48:43.984 computer askNextGuess(): le nombre donné est 4503599627370495
2022-10-08 13:48:43.985 computer respond(): Nombre donné plus grand
2022-10-08 13:48:43.985 simulation nextRound(): playing...
2022-10-08 13:48:43.986 computer askNextGuess(): le nombre donné est 2251799813685247
2022-10-08 13:48:43.986 computer respond(): Nombre donné plus grand
2022-10-08 13:48:43.986 simulation nextRound(): playing...
2022-10-08 13:48:43.987 computer askNextGuess(): le nombre donné est 1125899906842623
2022-10-08 13:48:43.987 computer respond(): Nombre donné plus grand
2022-10-08 13:48:43.987 simulation nextRound(): playing...
2022-10-08 13:48:43.988 computer askNextGuess(): le nombre donné est 562949953421311
2022-10-08 13:48:43.988 computer respond(): Nombre donné plus grand
2022-10-08 13:48:43.988 simulation nextRound(): playing...
2022-10-08 13:48:43.989 computer askNextGuess(): le nombre donné est 281474976710655
2022-10-08 13:48:43.989 computer respond(): Nombre donné plus grand
2022-10-08 13:48:43.989 simulation nextRound(): playing...
2022-10-08 13:48:43.990 computer askNextGuess(): le nombre donné est 140737488355327
2022-10-08 13:48:43.990 computer respond(): Nombre donné plus grand
2022-10-08 13:48:43.990 simulation nextRound(): playing...
2022-10-08 13:48:43.991 computer askNextGuess(): le nombre donné est 70368744177663
2022-10-08 13:48:43.991 computer respond(): Nombre donné plus grand
2022-10-08 13:48:43.992 simulation nextRound(): playing...
2022-10-08 13:48:43.992 computer askNextGuess(): le nombre donné est 35184372088831
2022-10-08 13:48:43.992 computer respond(): Nombre donné plus grand
2022-10-08 13:48:43.993 simulation nextRound(): playing...
2022-10-08 13:48:43.993 computer askNextGuess(): le nombre donné est 17592186044415
2022-10-08 13:48:43.994 computer respond(): Nombre donné plus grand
2022-10-08 13:48:43.994 simulation nextRound(): playing...
2022-10-08 13:48:43.995 computer askNextGuess(): le nombre donné est 8796093022207
2022-10-08 13:48:43.996 computer respond(): Nombre donné plus grand
2022-10-08 13:48:43.996 simulation nextRound(): playing...
2022-10-08 13:48:43.997 computer askNextGuess(): le nombre donné est 4398046511103
2022-10-08 13:48:43.997 computer respond(): Nombre donné plus grand
2022-10-08 13:48:43.998 simulation nextRound(): playing...
2022-10-08 13:48:43.999 computer askNextGuess(): le nombre donné est 2199023255551
2022-10-08 13:48:43.999 computer respond(): Nombre donné plus grand
2022-10-08 13:48:44.000 simulation nextRound(): playing...
2022-10-08 13:48:44.001 computer askNextGuess(): le nombre donné est 1099511627775
2022-10-08 13:48:44.001 computer respond(): Nombre donné plus grand
2022-10-08 13:48:44.001 simulation nextRound(): playing...
2022-10-08 13:48:44.002 computer askNextGuess(): le nombre donné est 549755813887
2022-10-08 13:48:44.002 computer respond(): Nombre donné plus grand
2022-10-08 13:48:44.003 simulation nextRound(): playing...
2022-10-08 13:48:44.003 computer askNextGuess(): le nombre donné est 274877906943
2022-10-08 13:48:44.004 computer respond(): Nombre donné plus grand
2022-10-08 13:48:44.004 simulation nextRound(): playing...
2022-10-08 13:48:44.004 computer askNextGuess(): le nombre donné est 137438953471
2022-10-08 13:48:44.005 computer respond(): Nombre donné plus grand
2022-10-08 13:48:44.005 simulation nextRound(): playing...
2022-10-08 13:48:44.006 computer askNextGuess(): le nombre donné est 68719476735
2022-10-08 13:48:44.007 computer respond(): Nombre donné plus grand
2022-10-08 13:48:44.007 simulation nextRound(): playing...
2022-10-08 13:48:44.008 computer askNextGuess(): le nombre donné est 34359738367
2022-10-08 13:48:44.008 computer respond(): Nombre donné plus grand
2022-10-08 13:48:44.008 simulation nextRound(): playing...
2022-10-08 13:48:44.009 computer askNextGuess(): le nombre donné est 17179869183
2022-10-08 13:48:44.009 computer respond(): Nombre donné plus grand
2022-10-08 13:48:44.010 simulation nextRound(): playing...
2022-10-08 13:48:44.010 computer askNextGuess(): le nombre donné est 8589934591
2022-10-08 13:48:44.011 computer respond(): Nombre donné plus grand
2022-10-08 13:48:44.011 simulation nextRound(): playing...
2022-10-08 13:48:44.012 computer askNextGuess(): le nombre donné est 4294967295
2022-10-08 13:48:44.012 computer respond(): Nombre donné plus grand
2022-10-08 13:48:44.013 simulation nextRound(): playing...
2022-10-08 13:48:44.013 computer askNextGuess(): le nombre donné est 2147483647
2022-10-08 13:48:44.014 computer respond(): Nombre donné plus grand
2022-10-08 13:48:44.014 simulation nextRound(): playing...
2022-10-08 13:48:44.015 computer askNextGuess(): le nombre donné est 1073741823
2022-10-08 13:48:44.015 computer respond(): Nombre donné plus grand
2022-10-08 13:48:44.015 simulation nextRound(): playing...
2022-10-08 13:48:44.016 computer askNextGuess(): le nombre donné est 536870911
2022-10-08 13:48:44.016 computer respond(): Nombre donné plus grand
2022-10-08 13:48:44.016 simulation nextRound(): playing...
2022-10-08 13:48:44.017 computer askNextGuess(): le nombre donné est 268435455
2022-10-08 13:48:44.017 computer respond(): Nombre donné plus grand
2022-10-08 13:48:44.017 simulation nextRound(): playing...
2022-10-08 13:48:44.018 computer askNextGuess(): le nombre donné est 134217727
2022-10-08 13:48:44.018 computer respond(): Nombre donné plus grand
2022-10-08 13:48:44.019 simulation nextRound(): playing...
2022-10-08 13:48:44.019 computer askNextGuess(): le nombre donné est 67108863
2022-10-08 13:48:44.020 computer respond(): Nombre donné plus grand
2022-10-08 13:48:44.020 simulation nextRound(): playing...
2022-10-08 13:48:44.021 computer askNextGuess(): le nombre donné est 33554431
2022-10-08 13:48:44.021 computer respond(): Nombre donné plus grand
2022-10-08 13:48:44.022 simulation nextRound(): playing...
2022-10-08 13:48:44.022 computer askNextGuess(): le nombre donné est 16777215
2022-10-08 13:48:44.022 computer respond(): Nombre donné plus grand
2022-10-08 13:48:44.023 simulation nextRound(): playing...
2022-10-08 13:48:44.023 computer askNextGuess(): le nombre donné est 8388607
2022-10-08 13:48:44.024 computer respond(): Nombre donné plus grand
2022-10-08 13:48:44.024 simulation nextRound(): playing...
2022-10-08 13:48:44.025 computer askNextGuess(): le nombre donné est 4194303
2022-10-08 13:48:44.025 computer respond(): Nombre donné plus grand
2022-10-08 13:48:44.025 simulation nextRound(): playing...
2022-10-08 13:48:44.026 computer askNextGuess(): le nombre donné est 2097151
2022-10-08 13:48:44.026 computer respond(): Nombre donné plus grand
2022-10-08 13:48:44.026 simulation nextRound(): playing...
2022-10-08 13:48:44.027 computer askNextGuess(): le nombre donné est 1048575
2022-10-08 13:48:44.027 computer respond(): Nombre donné plus grand
2022-10-08 13:48:44.028 simulation nextRound(): playing...
2022-10-08 13:48:44.028 computer askNextGuess(): le nombre donné est 524287
2022-10-08 13:48:44.028 computer respond(): Nombre donné plus grand
2022-10-08 13:48:44.029 simulation nextRound(): playing...
2022-10-08 13:48:44.029 computer askNextGuess(): le nombre donné est 262143
2022-10-08 13:48:44.029 computer respond(): Nombre donné plus grand
2022-10-08 13:48:44.030 simulation nextRound(): playing...
2022-10-08 13:48:44.030 computer askNextGuess(): le nombre donné est 131071
2022-10-08 13:48:44.030 computer respond(): Nombre donné plus grand
2022-10-08 13:48:44.031 simulation nextRound(): playing...
2022-10-08 13:48:44.031 computer askNextGuess(): le nombre donné est 65535
2022-10-08 13:48:44.031 computer respond(): Nombre donné plus grand
2022-10-08 13:48:44.032 simulation nextRound(): playing...
2022-10-08 13:48:44.032 computer askNextGuess(): le nombre donné est 32767
2022-10-08 13:48:44.033 computer respond(): Nombre donné plus grand
2022-10-08 13:48:44.033 simulation nextRound(): playing...
2022-10-08 13:48:44.033 computer askNextGuess(): le nombre donné est 16383
2022-10-08 13:48:44.033 computer respond(): Nombre donné plus grand
2022-10-08 13:48:44.034 simulation nextRound(): playing...
2022-10-08 13:48:44.034 computer askNextGuess(): le nombre donné est 8191
2022-10-08 13:48:44.035 computer respond(): Nombre donné plus grand
2022-10-08 13:48:44.035 simulation nextRound(): playing...
2022-10-08 13:48:44.035 computer askNextGuess(): le nombre donné est 4095
2022-10-08 13:48:44.036 computer respond(): Nombre donné plus grand
2022-10-08 13:48:44.036 simulation nextRound(): playing...
2022-10-08 13:48:44.036 computer askNextGuess(): le nombre donné est 2047
2022-10-08 13:48:44.037 computer respond(): Nombre donné plus grand
2022-10-08 13:48:44.037 simulation nextRound(): playing...
2022-10-08 13:48:44.037 computer askNextGuess(): le nombre donné est 1023
2022-10-08 13:48:44.038 computer respond(): Nombre donné plus grand
2022-10-08 13:48:44.038 simulation nextRound(): playing...
2022-10-08 13:48:44.038 computer askNextGuess(): le nombre donné est 511
2022-10-08 13:48:44.039 computer respond(): Nombre donné plus grand
2022-10-08 13:48:44.039 simulation nextRound(): playing...
2022-10-08 13:48:44.039 computer askNextGuess(): le nombre donné est 255
2022-10-08 13:48:44.039 computer respond(): Nombre donné plus grand
2022-10-08 13:48:44.040 simulation nextRound(): playing...
2022-10-08 13:48:44.040 computer askNextGuess(): le nombre donné est 127
2022-10-08 13:48:44.041 computer respond(): Nombre donné plus grand
2022-10-08 13:48:44.041 simulation nextRound(): playing...
2022-10-08 13:48:44.041 computer askNextGuess(): le nombre donné est 63
2022-10-08 13:48:44.041 computer respond(): Nombre donné plus grand
2022-10-08 13:48:44.042 simulation nextRound(): playing...
2022-10-08 13:48:44.042 computer askNextGuess(): le nombre donné est 31
2022-10-08 13:48:44.042 computer respond(): Nombre donné plus petit
2022-10-08 13:48:44.043 simulation nextRound(): playing...
2022-10-08 13:48:44.043 computer askNextGuess(): le nombre donné est 47
2022-10-08 13:48:44.043 simulation ===== Le nombre secret à été trouvé ===== 
2022-10-08 14:55:15.737 simulation nextRound(): playing...
2022-10-08 14:55:15.760 simulation nextRound(): playing...
2022-10-08 14:55:15.761 simulation nextRound(): playing...
2022-10-08 14:55:15.762 simulation nextRound(): playing...
2022-10-08 14:55:15.762 simulation nextRound(): playing...
2022-10-08 14:55:15.763 simulation nextRound(): playing...
2022-10-08 14:55:15.763 simulation nextRound(): playing...
2022-10-08 14:55:15.764 simulation nextRound(): playing...
2022-10-08 14:55:15.764 simulation nextRound(): playing...
2022-10-08 14:55:15.765 simulation nextRound(): playing...
2022-10-08 14:55:15.765 simulation nextRound(): playing...
2022-10-08 14:55:15.766 simulation nextRound(): playing...
2022-10-08 14:55:15.766 simulation nextRound(): playing...
2022-10-08 14:55:15.767 simulation nextRound(): playing...
2022-10-08 14:55:15.768 simulation nextRound(): playing...
2022-10-08 14:55:15.768 simulation nextRound(): playing...
2022-10-08 14:55:15.769 simulation nextRound(): playing...
2022-10-08 14:55:15.769 simulation nextRound(): playing...
2022-10-08 14:55:15.769 simulation nextRound(): playing...
2022-10-08 14:55:15.770 simulation nextRound(): playing...
2022-10-08 14:55:15.770 simulation nextRound(): playing...
2022-10-08 14:55:15.771 simulation nextRound(): playing...
2022-10-08 14:55:15.771 simulation nextRound(): playing...
2022-10-08 14:55:15.772 simulation nextRound(): playing...
2022-10-08 14:55:15.772 simulation nextRound(): playing...
2022-10-08 14:55:15.773 simulation nextRound(): playing...
2022-10-08 14:55:15.773 simulation nextRound(): playing...
2022-10-08 14:55:15.773 simulation nextRound(): playing...
2022-10-08 14:55:15.774 simulation nextRound(): playing...
2022-10-08 14:55:15.774 simulation nextRound(): playing...
2022-10-08 14:55:15.775 simulation nextRound(): playing...
2022-10-08 14:55:15.775 simulation nextRound(): playing...
2022-10-08 14:55:15.775 simulation nextRound(): playing...
2022-10-08 14:55:15.776 simulation nextRound(): playing...
2022-10-08 14:55:15.776 simulation nextRound(): playing...
2022-10-08 14:55:15.777 simulation nextRound(): playing...
2022-10-08 14:55:15.777 simulation nextRound(): playing...
2022-10-08 14:55:15.777 simulation nextRound(): playing...
2022-10-08 14:55:15.778 simulation nextRound(): playing...
2022-10-08 14:55:15.778 simulation nextRound(): playing...
2022-10-08 14:55:15.779 simulation nextRound(): playing...
2022-10-08 14:55:15.779 simulation nextRound(): playing...
2022-10-08 14:55:15.779 simulation nextRound(): playing...
2022-10-08 14:55:15.780 simulation nextRound(): playing...
2022-10-08 14:55:15.780 simulation nextRound(): playing...
2022-10-08 14:55:15.781 simulation nextRound(): playing...
2022-10-08 14:55:15.781 simulation nextRound(): playing...
2022-10-08 14:55:15.782 simulation nextRound(): playing...
2022-10-08 14:55:15.782 simulation nextRound(): playing...
2022-10-08 14:55:15.783 simulation nextRound(): playing...
2022-10-08 14:55:15.784 simulation nextRound(): playing...
2022-10-08 14:55:15.784 simulation nextRound(): playing...
2022-10-08 14:55:15.785 simulation nextRound(): playing...
2022-10-08 14:55:15.785 simulation nextRound(): playing...
2022-10-08 14:55:15.786 simulation nextRound(): playing...
2022-10-08 14:55:15.786 simulation nextRound(): playing...
2022-10-08 14:55:15.787 simulation nextRound(): playing...
2022-10-08 14:55:15.788 simulation nextRound(): playing...
2022-10-08 14:55:15.788 simulation nextRound(): playing...
2022-10-08 14:55:15.789 simulation ===== Le nombre secret à été trouvé ===== 
